<?xml version="1.0" encoding="UTF-8"?>
<!-- Generated by org.testng.reporters.JUnitXMLReporter -->
<testsuite ignored="0" hostname="LAPTOP-0QJFP7EQ" failures="0" tests="3" name="Default test" time="0.111" errors="0" timestamp="2022-11-28T22:28:28 IST">
  <testcase classname="testngPractice.Sample1Test" name="creatTest" time="0.013"/>
  <testcase classname="testngPractice.Sample1Test" name="creatTest" time="0.003"/>
  <testcase classname="testngPractice.Sample1Test" name="creatTest" time="0.003"/>
</testsuite> <!-- Default test -->
