<?xml version="1.0" encoding="UTF-8"?>
<testng-results ignored="0" total="3" passed="3" failed="0" skipped="0">
  <reporter-output>
  </reporter-output>
  <suite started-at="2022-11-28T22:28:28 IST" name="Default suite" finished-at="2022-11-28T22:28:28 IST" duration-ms="111">
    <groups>
    </groups>
    <test started-at="2022-11-28T22:28:28 IST" name="Default test" finished-at="2022-11-28T22:28:28 IST" duration-ms="111">
      <class name="testngPractice.Sample1Test">
        <test-method signature="creatTest(java.lang.String,java.lang.String)[pri:0, instance:testngPractice.Sample1Test@1613674b]" started-at="2022-11-28T22:28:28 IST" name="creatTest" data-provider="sampledp" finished-at="2022-11-28T22:28:28 IST" duration-ms="13" status="PASS">
          <params>
            <param index="0">
              <value>
                <![CDATA[Banglore]]>
              </value>
            </param>
            <param index="1">
              <value>
                <![CDATA[Goa]]>
              </value>
            </param>
          </params>
          <reporter-output>
          </reporter-output>
        </test-method> <!-- creatTest -->
        <test-method signature="creatTest(java.lang.String,java.lang.String)[pri:0, instance:testngPractice.Sample1Test@1613674b]" started-at="2022-11-28T22:28:28 IST" name="creatTest" data-provider="sampledp" finished-at="2022-11-28T22:28:28 IST" duration-ms="3" status="PASS">
          <params>
            <param index="0">
              <value>
                <![CDATA[Banglore]]>
              </value>
            </param>
            <param index="1">
              <value>
                <![CDATA[Mysore]]>
              </value>
            </param>
          </params>
          <reporter-output>
          </reporter-output>
        </test-method> <!-- creatTest -->
        <test-method signature="creatTest(java.lang.String,java.lang.String)[pri:0, instance:testngPractice.Sample1Test@1613674b]" started-at="2022-11-28T22:28:28 IST" name="creatTest" data-provider="sampledp" finished-at="2022-11-28T22:28:28 IST" duration-ms="3" status="PASS">
          <params>
            <param index="0">
              <value>
                <![CDATA[Banglore]]>
              </value>
            </param>
            <param index="1">
              <value>
                <![CDATA[Manglore]]>
              </value>
            </param>
          </params>
          <reporter-output>
          </reporter-output>
        </test-method> <!-- creatTest -->
      </class> <!-- testngPractice.Sample1Test -->
    </test> <!-- Default test -->
  </suite> <!-- Default suite -->
</testng-results>
